# JRE version: Java(TM) SE Runtime Environment (8.0_341-b10) (build 1.8.0_341-b10)
# Java VM: Java HotSpot(TM) 64-Bit Server VM (25.341-b10 mixed mode windows-amd64 compressed oops)
Heap:
 PSYoungGen      total 401920K, used 246658K [0x000000076b700000, 0x0000000788b00000, 0x00000007c0000000)
  eden space 378880K, 61% used [0x000000076b700000,0x0000000779afad00,0x0000000782900000)
  from space 23040K, 57% used [0x0000000783f00000,0x0000000784be5e60,0x0000000785580000)
  to   space 22528K, 0% used [0x0000000782900000,0x0000000782900000,0x0000000783f00000)
 ParOldGen       total 203776K, used 41551K [0x00000006c2400000, 0x00000006ceb00000, 0x000000076b700000)
  object space 203776K, 20% used [0x00000006c2400000,0x00000006c4c93ca0,0x00000006ceb00000)
 Metaspace       used 69748K, capacity 74842K, committed 75096K, reserved 1114112K
  class space    used 9402K, capacity 10295K, committed 10368K, reserved 1048576K
GC Heap History (10 events):
Event: 26.118 GC heap before
{Heap before GC invocations=16 (full 3):
 PSYoungGen      total 342528K, used 323072K [0x000000076b700000, 0x0000000782900000, 0x00000007c0000000)
  eden space 323072K, 100% used [0x000000076b700000,0x000000077f280000,0x000000077f280000)
  from space 19456K, 0% used [0x0000000780500000,0x0000000780500000,0x0000000781800000)
  to   space 18944K, 0% used [0x000000077f280000,0x000000077f280000,0x0000000780500000)
 ParOldGen       total 203776K, used 36047K [0x00000006c2400000, 0x00000006ceb00000, 0x000000076b700000)
  object space 203776K, 17% used [0x00000006c2400000,0x00000006c4733f78,0x00000006ceb00000)
 Metaspace       used 62657K, capacity 66286K, committed 66392K, reserved 1105920K
  class space    used 8383K, capacity 9032K, committed 9088K, reserved 1048576K
Event: 26.135 GC heap after
Heap after GC invocations=16 (full 3):
 PSYoungGen      total 342016K, used 17230K [0x000000076b700000, 0x0000000785c80000, 0x00000007c0000000)
  eden space 323072K, 0% used [0x000000076b700000,0x000000076b700000,0x000000077f280000)
  from space 18944K, 90% used [0x000000077f280000,0x00000007803538b8,0x0000000780500000)
  to   space 20992K, 0% used [0x0000000784800000,0x0000000784800000,0x0000000785c80000)
 ParOldGen       total 203776K, used 36055K [0x00000006c2400000, 0x00000006ceb00000, 0x000000076b700000)
  object space 203776K, 17% used [0x00000006c2400000,0x00000006c4735f78,0x00000006ceb00000)
 Metaspace       used 62657K, capacity 66286K, committed 66392K, reserved 1105920K
  class space    used 8383K, capacity 9032K, committed 9088K, reserved 1048576K
}
Event: 105.845 GC heap before
{Heap before GC invocations=17 (full 3):
 PSYoungGen      total 342016K, used 340302K [0x000000076b700000, 0x0000000785c80000, 0x00000007c0000000)
  eden space 323072K, 100% used [0x000000076b700000,0x000000077f280000,0x000000077f280000)
  from space 18944K, 90% used [0x000000077f280000,0x00000007803538b8,0x0000000780500000)
  to   space 20992K, 0% used [0x0000000784800000,0x0000000784800000,0x0000000785c80000)
 ParOldGen       total 203776K, used 36055K [0x00000006c2400000, 0x00000006ceb00000, 0x000000076b700000)
  object space 203776K, 17% used [0x00000006c2400000,0x00000006c4735f78,0x00000006ceb00000)
 Metaspace       used 67907K, capacity 72550K, committed 72664K, reserved 1112064K
  class space    used 9175K, capacity 9960K, committed 9984K, reserved 1048576K
Event: 105.856 GC heap after
Heap after GC invocations=17 (full 3):
 PSYoungGen      total 397824K, used 18972K [0x000000076b700000, 0x0000000785b00000, 0x00000007c0000000)
  eden space 378368K, 0% used [0x000000076b700000,0x000000076b700000,0x0000000782880000)
  from space 19456K, 97% used [0x0000000784800000,0x0000000785a87018,0x0000000785b00000)
  to   space 23040K, 0% used [0x0000000782e00000,0x0000000782e00000,0x0000000784480000)
 ParOldGen       total 203776K, used 36063K [0x00000006c2400000, 0x00000006ceb00000, 0x000000076b700000)
  object space 203776K, 17% used [0x00000006c2400000,0x00000006c4737f78,0x00000006ceb00000)
 Metaspace       used 67907K, capacity 72550K, committed 72664K, reserved 1112064K
  class space    used 9175K, capacity 9960K, committed 9984K, reserved 1048576K
}
Event: 190.141 GC heap before
{Heap before GC invocations=18 (full 3):
 PSYoungGen      total 397824K, used 126277K [0x000000076b700000, 0x0000000785b00000, 0x00000007c0000000)
  eden space 378368K, 28% used [0x000000076b700000,0x0000000771fca6f0,0x0000000782880000)
  from space 19456K, 97% used [0x0000000784800000,0x0000000785a87018,0x0000000785b00000)
  to   space 23040K, 0% used [0x0000000782e00000,0x0000000782e00000,0x0000000784480000)
 ParOldGen       total 203776K, used 36063K [0x00000006c2400000, 0x00000006ceb00000, 0x000000076b700000)
  object space 203776K, 17% used [0x00000006c2400000,0x00000006c4737f78,0x00000006ceb00000)
 Metaspace       used 68368K, capacity 73236K, committed 73304K, reserved 1112064K
  class space    used 9272K, capacity 10108K, committed 10112K, reserved 1048576K
Event: 190.149 GC heap after
Heap after GC invocations=18 (full 3):
 PSYoungGen      total 392704K, used 14224K [0x000000076b700000, 0x0000000785580000, 0x00000007c0000000)
  eden space 378368K, 0% used [0x000000076b700000,0x000000076b700000,0x0000000782880000)
  from space 14336K, 99% used [0x0000000782e00000,0x0000000783be4070,0x0000000783c00000)
  to   space 23040K, 0% used [0x0000000783f00000,0x0000000783f00000,0x0000000785580000)
 ParOldGen       total 203776K, used 36071K [0x00000006c2400000, 0x00000006ceb00000, 0x000000076b700000)
  object space 203776K, 17% used [0x00000006c2400000,0x00000006c4739f78,0x00000006ceb00000)
 Metaspace       used 68368K, capacity 73236K, committed 73304K, reserved 1112064K
  class space    used 9272K, capacity 10108K, committed 10112K, reserved 1048576K
}
Event: 190.149 GC heap before
{Heap before GC invocations=19 (full 4):
 PSYoungGen      total 392704K, used 14224K [0x000000076b700000, 0x0000000785580000, 0x00000007c0000000)
  eden space 378368K, 0% used [0x000000076b700000,0x000000076b700000,0x0000000782880000)
  from space 14336K, 99% used [0x0000000782e00000,0x0000000783be4070,0x0000000783c00000)
  to   space 23040K, 0% used [0x0000000783f00000,0x0000000783f00000,0x0000000785580000)
 ParOldGen       total 203776K, used 36071K [0x00000006c2400000, 0x00000006ceb00000, 0x000000076b700000)
  object space 203776K, 17% used [0x00000006c2400000,0x00000006c4739f78,0x00000006ceb00000)
 Metaspace       used 68368K, capacity 73236K, committed 73304K, reserved 1112064K
  class space    used 9272K, capacity 10108K, committed 10112K, reserved 1048576K
Event: 190.318 GC heap after
Heap after GC invocations=19 (full 4):
 PSYoungGen      total 392704K, used 0K [0x000000076b700000, 0x0000000785580000, 0x00000007c0000000)
  eden space 378368K, 0% used [0x000000076b700000,0x000000076b700000,0x0000000782880000)
  from space 14336K, 0% used [0x0000000782e00000,0x0000000782e00000,0x0000000783c00000)
  to   space 23040K, 0% used [0x0000000783f00000,0x0000000783f00000,0x0000000785580000)
 ParOldGen       total 203776K, used 41543K [0x00000006c2400000, 0x00000006ceb00000, 0x000000076b700000)
  object space 203776K, 20% used [0x00000006c2400000,0x00000006c4c91ca0,0x00000006ceb00000)
 Metaspace       used 68363K, capacity 73218K, committed 73304K, reserved 1112064K
  class space    used 9270K, capacity 10105K, committed 10112K, reserved 1048576K
}
Event: 194.938 GC heap before
{Heap before GC invocations=20 (full 4):
 PSYoungGen      total 392704K, used 378368K [0x000000076b700000, 0x0000000785580000, 0x00000007c0000000)
  eden space 378368K, 100% used [0x000000076b700000,0x0000000782880000,0x0000000782880000)
  from space 14336K, 0% used [0x0000000782e00000,0x0000000782e00000,0x0000000783c00000)
  to   space 23040K, 0% used [0x0000000783f00000,0x0000000783f00000,0x0000000785580000)
 ParOldGen       total 203776K, used 41543K [0x00000006c2400000, 0x00000006ceb00000, 0x000000076b700000)
  object space 203776K, 20% used [0x00000006c2400000,0x00000006c4c91ca0,0x00000006ceb00000)
 Metaspace       used 69266K, capacity 74236K, committed 74584K, reserved 1114112K
  class space    used 9362K, capacity 10258K, committed 10368K, reserved 1048576K
Event: 194.945 GC heap after
Heap after GC invocations=20 (full 4):
 PSYoungGen      total 401920K, used 13207K [0x000000076b700000, 0x0000000788b00000, 0x00000007c0000000)
  eden space 378880K, 0% used [0x000000076b700000,0x000000076b700000,0x0000000782900000)
  from space 23040K, 57% used [0x0000000783f00000,0x0000000784be5e60,0x0000000785580000)
  to   space 22528K, 0% used [0x0000000782900000,0x0000000782900000,0x0000000783f00000)
 ParOldGen       total 203776K, used 41551K [0x00000006c2400000, 0x00000006ceb00000, 0x000000076b700000)
  object space 203776K, 20% used [0x00000006c2400000,0x00000006c4c93ca0,0x00000006ceb00000)
 Metaspace       used 69266K, capacity 74236K, committed 74584K, reserved 1114112K
  class space    used 9362K, capacity 10258K, committed 10368K, reserved 1048576K
}

